<?xml version="1.0" encoding="UTF-8"?>
<!-- Generated by org.testng.reporters.JUnitXMLReporter -->
<testsuite hostname="DESKTOP-250U10H" ignored="0" name="Test" tests="2" failures="2" timestamp="12 Dec 2019 18:37:13 GMT" time="15.936" errors="0">
  <testcase name="@AfterTest teardown" time="0.0" classname="testcases.VerifyEditCustomer">
    <failure type="java.lang.NullPointerException">
      <![CDATA[java.lang.NullPointerException
at testcases.VerifyEditCustomer.teardown(VerifyEditCustomer.java:40)
... Removed 24 stack frames]]>
    </failure>
  </testcase> <!-- @AfterTest teardown -->
  <testcase name="validateEditCustomer" time="15.9" classname="testcases.VerifyEditCustomer">
    <failure type="org.openqa.selenium.SessionNotCreatedException" message="session not created
from chrome not reachable
  (Session info: chrome=78.0.3904.108)
Build info: version: &amp;apos;4.0.0-alpha-3&amp;apos;, revision: &amp;apos;8c567de6dc&amp;apos;
System info: host: &amp;apos;DESKTOP-250U10H&amp;apos;, ip: &amp;apos;192.168.44.1&amp;apos;, os.name: &amp;apos;Windows 10&amp;apos;, os.arch: &amp;apos;amd64&amp;apos;, os.version: &amp;apos;10.0&amp;apos;, java.version: &amp;apos;1.8.0_144&amp;apos;
Driver info: driver.version: ChromeDriver
remote stacktrace: Backtrace:
	Ordinal0 [0x0097A923+1550627]
	Ordinal0 [0x008FA731+1025841]
	Ordinal0 [0x0087C5BE+509374]
	Ordinal0 [0x008762F2+484082]
	Ordinal0 [0x008769CB+485835]
	Ordinal0 [0x00877B35+490293]
	Ordinal0 [0x00873AB5+473781]
	Ordinal0 [0x0087D360+512864]
	Ordinal0 [0x0082B649+177737]
	Ordinal0 [0x0082A8ED+174317]
	Ordinal0 [0x00828CDB+167131]
	Ordinal0 [0x0081144A+70730]
	Ordinal0 [0x008124D0+74960]
	Ordinal0 [0x00812469+74857]
	Ordinal0 [0x009142F7+1131255]
	GetHandleVerifier [0x00A1711D+523789]
	GetHandleVerifier [0x00A16EB0+523168]
	GetHandleVerifier [0x00A1E207+552695]
	GetHandleVerifier [0x00A1791A+525834]
	Ordinal0 [0x0090B82C+1095724]
	Ordinal0 [0x0091636B+1139563]
	Ordinal0 [0x009164D3+1139923]
	Ordinal0 [0x00915455+1135701]
	BaseThreadInitThunk [0x76C66359+25]
	RtlGetAppContainerNamedObjectPath [0x77AD7B74+228]
	RtlGetAppContainerNamedObjectPath [0x77AD7B44+180]
">
      <![CDATA[org.openqa.selenium.SessionNotCreatedException: session not created
from chrome not reachable
  (Session info: chrome=78.0.3904.108)
Build info: version: '4.0.0-alpha-3', revision: '8c567de6dc'
System info: host: 'DESKTOP-250U10H', ip: '192.168.44.1', os.name: 'Windows 10', os.arch: 'amd64', os.version: '10.0', java.version: '1.8.0_144'
Driver info: driver.version: ChromeDriver
remote stacktrace: Backtrace:
Ordinal0 [0x0097A923+1550627]
Ordinal0 [0x008FA731+1025841]
Ordinal0 [0x0087C5BE+509374]
Ordinal0 [0x008762F2+484082]
Ordinal0 [0x008769CB+485835]
Ordinal0 [0x00877B35+490293]
Ordinal0 [0x00873AB5+473781]
Ordinal0 [0x0087D360+512864]
Ordinal0 [0x0082B649+177737]
Ordinal0 [0x0082A8ED+174317]
Ordinal0 [0x00828CDB+167131]
Ordinal0 [0x0081144A+70730]
Ordinal0 [0x008124D0+74960]
Ordinal0 [0x00812469+74857]
Ordinal0 [0x009142F7+1131255]
GetHandleVerifier [0x00A1711D+523789]
GetHandleVerifier [0x00A16EB0+523168]
GetHandleVerifier [0x00A1E207+552695]
GetHandleVerifier [0x00A1791A+525834]
Ordinal0 [0x0090B82C+1095724]
Ordinal0 [0x0091636B+1139563]
Ordinal0 [0x009164D3+1139923]
Ordinal0 [0x00915455+1135701]
BaseThreadInitThunk [0x76C66359+25]
RtlGetAppContainerNamedObjectPath [0x77AD7B74+228]
RtlGetAppContainerNamedObjectPath [0x77AD7B44+180]

at org.openqa.selenium.remote.W3CHandshakeResponse.lambda$errorHandler$0(W3CHandshakeResponse.java:62)
at org.openqa.selenium.remote.HandshakeResponse.lambda$getResponseFunction$0(HandshakeResponse.java:30)
at org.openqa.selenium.remote.ProtocolHandshake.lambda$createSession$1(ProtocolHandshake.java:127)
at java.util.stream.ReferencePipeline$3$1.accept(ReferencePipeline.java:193)
at java.util.Spliterators$ArraySpliterator.tryAdvance(Spliterators.java:958)
at java.util.stream.ReferencePipeline.forEachWithCancel(ReferencePipeline.java:126)
at java.util.stream.AbstractPipeline.copyIntoWithCancel(AbstractPipeline.java:498)
at java.util.stream.AbstractPipeline.copyInto(AbstractPipeline.java:485)
at java.util.stream.AbstractPipeline.wrapAndCopyInto(AbstractPipeline.java:471)
at java.util.stream.FindOps$FindOp.evaluateSequential(FindOps.java:152)
at java.util.stream.AbstractPipeline.evaluate(AbstractPipeline.java:234)
at java.util.stream.ReferencePipeline.findFirst(ReferencePipeline.java:464)
at org.openqa.selenium.remote.ProtocolHandshake.createSession(ProtocolHandshake.java:129)
at org.openqa.selenium.remote.ProtocolHandshake.createSession(ProtocolHandshake.java:75)
at org.openqa.selenium.remote.HttpCommandExecutor.execute(HttpCommandExecutor.java:139)
at org.openqa.selenium.remote.service.DriverCommandExecutor.execute(DriverCommandExecutor.java:83)
at org.openqa.selenium.remote.RemoteWebDriver.execute(RemoteWebDriver.java:576)
at org.openqa.selenium.remote.RemoteWebDriver.startSession(RemoteWebDriver.java:210)
at org.openqa.selenium.remote.RemoteWebDriver.<init>(RemoteWebDriver.java:130)
at org.openqa.selenium.chromium.ChromiumDriver.<init>(ChromiumDriver.java:75)
at org.openqa.selenium.chrome.ChromeDriver.<init>(ChromeDriver.java:163)
at org.openqa.selenium.chrome.ChromeDriver.<init>(ChromeDriver.java:150)
at org.openqa.selenium.chrome.ChromeDriver.<init>(ChromeDriver.java:105)
at testcases.base.initialiseDriver(base.java:30)
at testcases.VerifyEditCustomer.validateEditCustomer(VerifyEditCustomer.java:23)
... Removed 29 stack frames]]>
    </failure>
  </testcase> <!-- validateEditCustomer -->
  <testcase name="validateEditCustomer" time="15.916" classname="testcases.VerifyEditCustomer">
    <failure type="java.lang.NullPointerException">
      <![CDATA[java.lang.NullPointerException
at testcases.base.getScreenshot(base.java:44)
at testcases.listener.onTestFailure(listener.java:33)
... Removed 22 stack frames]]>
    </failure>
  </testcase> <!-- validateEditCustomer -->
</testsuite> <!-- Test -->
