<?xml version="1.0" encoding="UTF-8"?>
<!-- Generated by org.testng.reporters.JUnitXMLReporter -->
<testsuite hostname="DESKTOP-250U10H" ignored="0" name="Test" tests="8" failures="4" timestamp="07 Dec 2019 17:17:59 GMT" time="163.453" errors="0">
  <testcase name="verifyLogin" time="15.965" classname="testcases.VerifyLogin"/>
  <testcase name="verifyLogin" time="13.331" classname="testcases.VerifyLogin">
    <failure type="java.lang.AssertionError" message="expected [Welcome To Manager&amp;apos;s Page of Guru99 Bank] but found [Password]">
      <![CDATA[java.lang.AssertionError: expected [Welcome To Manager's Page of Guru99 Bank] but found [Password]
at testcases.VerifyLogin.verifyLogin(VerifyLogin.java:42)
... Removed 35 stack frames]]>
    </failure>
  </testcase> <!-- verifyLogin -->
  <testcase name="verifyLogin" time="14.219" classname="testcases.VerifyLogin">
    <failure type="java.lang.AssertionError" message="expected [Welcome To Manager&amp;apos;s Page of Guru99 Bank] but found [Password]">
      <![CDATA[java.lang.AssertionError: expected [Welcome To Manager's Page of Guru99 Bank] but found [Password]
at testcases.VerifyLogin.verifyLogin(VerifyLogin.java:42)
... Removed 35 stack frames]]>
    </failure>
  </testcase> <!-- verifyLogin -->
  <testcase name="verifyLogin" time="13.741" classname="testcases.VerifyLogin">
    <failure type="java.lang.AssertionError" message="expected [Welcome To Manager&amp;apos;s Page of Guru99 Bank] but found [Password]">
      <![CDATA[java.lang.AssertionError: expected [Welcome To Manager's Page of Guru99 Bank] but found [Password]
at testcases.VerifyLogin.verifyLogin(VerifyLogin.java:42)
... Removed 35 stack frames]]>
    </failure>
  </testcase> <!-- verifyLogin -->
  <testcase name="validateEditCustomer" time="14.699" classname="testcases.VerifyEditCustomer">
    <failure type="org.openqa.selenium.UnhandledAlertException" message="unexpected alert open: {Alert text : could not be updated!!}
  (Session info: chrome=78.0.3904.108): could not be updated!!
Build info: version: &amp;apos;4.0.0-alpha-3&amp;apos;, revision: &amp;apos;8c567de6dc&amp;apos;
System info: host: &amp;apos;DESKTOP-250U10H&amp;apos;, ip: &amp;apos;192.168.44.1&amp;apos;, os.name: &amp;apos;Windows 10&amp;apos;, os.arch: &amp;apos;amd64&amp;apos;, os.version: &amp;apos;10.0&amp;apos;, java.version: &amp;apos;1.8.0_144&amp;apos;
Driver info: org.openqa.selenium.chrome.ChromeDriver
Capabilities {acceptInsecureCerts: false, browserName: chrome, browserVersion: 78.0.3904.108, chrome: {chromedriverVersion: 78.0.3904.105 (60e2d8774a81..., userDataDir: C:\Users\HP\AppData\Local\T...}, goog:chromeOptions: {debuggerAddress: localhost:64627}, javascriptEnabled: true, networkConnectionEnabled: false, pageLoadStrategy: normal, platform: XP, platformName: XP, proxy: Proxy(), setWindowRect: true, strictFileInteractability: false, timeouts: {implicit: 0, pageLoad: 300000, script: 30000}, unhandledPromptBehavior: dismiss and notify}
Session ID: d195f3981fccea7ee5e12dd9b2d3a1d3
*** Element info: {Using=xpath, value=//p[@class=&amp;apos;heading3&amp;apos;]}">
      <![CDATA[org.openqa.selenium.UnhandledAlertException: unexpected alert open: {Alert text : could not be updated!!}
  (Session info: chrome=78.0.3904.108): could not be updated!!
Build info: version: '4.0.0-alpha-3', revision: '8c567de6dc'
System info: host: 'DESKTOP-250U10H', ip: '192.168.44.1', os.name: 'Windows 10', os.arch: 'amd64', os.version: '10.0', java.version: '1.8.0_144'
Driver info: org.openqa.selenium.chrome.ChromeDriver
Capabilities {acceptInsecureCerts: false, browserName: chrome, browserVersion: 78.0.3904.108, chrome: {chromedriverVersion: 78.0.3904.105 (60e2d8774a81..., userDataDir: C:\Users\HP\AppData\Local\T...}, goog:chromeOptions: {debuggerAddress: localhost:64627}, javascriptEnabled: true, networkConnectionEnabled: false, pageLoadStrategy: normal, platform: XP, platformName: XP, proxy: Proxy(), setWindowRect: true, strictFileInteractability: false, timeouts: {implicit: 0, pageLoad: 300000, script: 30000}, unhandledPromptBehavior: dismiss and notify}
Session ID: d195f3981fccea7ee5e12dd9b2d3a1d3
*** Element info: {Using=xpath, value=//p[@class='heading3']}
at org.openqa.selenium.remote.codec.w3c.W3CHttpResponseCodec.decode(W3CHttpResponseCodec.java:123)
at org.openqa.selenium.remote.codec.w3c.W3CHttpResponseCodec.decode(W3CHttpResponseCodec.java:52)
at org.openqa.selenium.remote.HttpCommandExecutor.execute(HttpCommandExecutor.java:161)
at org.openqa.selenium.remote.service.DriverCommandExecutor.execute(DriverCommandExecutor.java:83)
at org.openqa.selenium.remote.RemoteWebDriver.execute(RemoteWebDriver.java:576)
at org.openqa.selenium.remote.RemoteWebDriver.findElement(RemoteWebDriver.java:327)
at org.openqa.selenium.remote.RemoteWebDriver.findElementByXPath(RemoteWebDriver.java:445)
at org.openqa.selenium.By$ByXPath.findElement(By.java:396)
at org.openqa.selenium.remote.RemoteWebDriver.findElement(RemoteWebDriver.java:319)
at org.openqa.selenium.support.pagefactory.DefaultElementLocator.findElement(DefaultElementLocator.java:70)
at org.openqa.selenium.support.pagefactory.internal.LocatingElementHandler.invoke(LocatingElementHandler.java:39)
at com.sun.proxy.$Proxy16.getText(Unknown Source)
at pages.EditCustomerPage.getTitle(EditCustomerPage.java:38)
at testcases.VerifyEditCustomer.validateEditCustomer(VerifyEditCustomer.java:31)
... Removed 29 stack frames]]>
    </failure>
  </testcase> <!-- validateEditCustomer -->
  <testcase name="validateDeleteCustomer" time="17.227" classname="testcases.VerifyDeleteCustomer"/>
  <testcase name="verifyAddCustomer" time="36.644" classname="testcases.VerifyAddNewCustomer"/>
  <testcase name="validateAddAccount" time="26.501" classname="testcases.VerifyAddAccount"/>
</testsuite> <!-- Test -->
